<log>
 <error level="error" id="err_pp_hash_error" file="C:\Program Files (x86)\Microsoft Visual Studio\2017\Community\VC\Tools\MSVC\14.14.26428\include\yvals.h" line="297" col="5" msg="STL1000: Unexpected compiler version, expected Clang 6 or newer." />
 <error level="error" id="err_expected_after" file="C:\Program Files (x86)\Microsoft Visual Studio\2017\Community\VC\Tools\MSVC\14.14.26428\include\type_traits" line="37" col="50" msg="expected &apos;;&apos; after alias declaration" />
 <error level="error" id="err_no_template_suggest" file="C:\Program Files (x86)\Microsoft Visual Studio\2017\Community\VC\Tools\MSVC\14.14.26428\include\type_traits" line="43" col="30" msg="no template named &apos;make_integer_sequence&apos;; did you mean &apos;integer_sequence&apos;?" />
 <error level="error" id="err_ref_non_value" file="C:\Program Files (x86)\Microsoft Visual Studio\2017\Community\VC\Tools\MSVC\14.14.26428\include\type_traits" line="770" col="35" msg="&apos;_To&apos; does not refer to a value" />
 <error level="error" id="err_ref_non_value" file="C:\Program Files (x86)\Microsoft Visual Studio\2017\Community\VC\Tools\MSVC\14.14.26428\include\type_traits" line="770" col="40" msg="&apos;_From&apos; does not refer to a value" />
 <error level="error" id="err_expected_class_name" file="C:\Program Files (x86)\Microsoft Visual Studio\2017\Community\VC\Tools\MSVC\14.14.26428\include\type_traits" line="771" col="2" msg="expected class name" />
 <error level="error" id="err_ref_non_value" file="C:\Program Files (x86)\Microsoft Visual Studio\2017\Community\VC\Tools\MSVC\14.14.26428\include\type_traits" line="776" col="63" msg="&apos;_To&apos; does not refer to a value" />
 <error level="error" id="err_ref_non_value" file="C:\Program Files (x86)\Microsoft Visual Studio\2017\Community\VC\Tools\MSVC\14.14.26428\include\type_traits" line="776" col="68" msg="&apos;_From&apos; does not refer to a value" />
 <error level="error" id="err_ref_non_value" file="C:\Program Files (x86)\Microsoft Visual Studio\2017\Community\VC\Tools\MSVC\14.14.26428\include\type_traits" line="901" col="47" msg="&apos;_Ty&apos; does not refer to a value" />
 <error level="error" id="err_expected_class_name" file="C:\Program Files (x86)\Microsoft Visual Studio\2017\Community\VC\Tools\MSVC\14.14.26428\include\type_traits" line="902" col="2" msg="expected class name" />
 <error level="error" id="err_ref_non_value" file="C:\Program Files (x86)\Microsoft Visual Studio\2017\Community\VC\Tools\MSVC\14.14.26428\include\type_traits" line="906" col="87" msg="&apos;_Ty&apos; does not refer to a value" />
 <error level="warning" id="ext_static_assert_no_message" file="C:\Users\Juan Dent\Documents\Visual Studio 2015\Projects\TemplateMetaprogramming\TemplateMetaprogramming\TypelistsCPPTemplates2ndEd.cpp" line="25" col="27" msg="static_assert with no message is a C++1z extension" />
 <error level="warning" id="ext_static_assert_no_message" file="C:\Users\Juan Dent\Documents\Visual Studio 2015\Projects\TemplateMetaprogramming\TemplateMetaprogramming\TypelistsCPPTemplates2ndEd.cpp" line="32" col="38" msg="static_assert with no message is a C++1z extension" />
 <error level="warning" id="ext_static_assert_no_message" file="C:\Users\Juan Dent\Documents\Visual Studio 2015\Projects\TemplateMetaprogramming\TemplateMetaprogramming\TypelistsCPPTemplates2ndEd.cpp" line="41" col="27" msg="static_assert with no message is a C++1z extension" />
 <error level="warning" id="warn_unused_variable" file="C:\Users\Juan Dent\Documents\Visual Studio 2015\Projects\TemplateMetaprogramming\TemplateMetaprogramming\TypelistsCPPTemplates2ndEd.cpp" line="87" col="10" msg="unused variable &apos;p&apos;" />
 <error level="warning" id="warn_unused_variable" file="C:\Users\Juan Dent\Documents\Visual Studio 2015\Projects\TemplateMetaprogramming\TemplateMetaprogramming\TypelistsCPPTemplates2ndEd.cpp" line="88" col="18" msg="unused variable &apos;pp&apos;" />
</log>