<log>
 <error level="error" id="err_expected_after" file="C:\Program Files (x86)\Microsoft Visual Studio\2017\Community\VC\Tools\MSVC\14.12.25827\include\type_traits" line="36" col="50" msg="expected &apos;;&apos; after alias declaration" />
 <error level="error" id="err_no_template_suggest" file="C:\Program Files (x86)\Microsoft Visual Studio\2017\Community\VC\Tools\MSVC\14.12.25827\include\type_traits" line="42" col="30" msg="no template named &apos;make_integer_sequence&apos;; did you mean &apos;integer_sequence&apos;?" />
 <error level="error" id="err_ref_non_value" file="C:\Program Files (x86)\Microsoft Visual Studio\2017\Community\VC\Tools\MSVC\14.12.25827\include\type_traits" line="767" col="35" msg="&apos;_To&apos; does not refer to a value" />
 <error level="error" id="err_ref_non_value" file="C:\Program Files (x86)\Microsoft Visual Studio\2017\Community\VC\Tools\MSVC\14.12.25827\include\type_traits" line="767" col="40" msg="&apos;_From&apos; does not refer to a value" />
 <error level="error" id="err_expected_class_name" file="C:\Program Files (x86)\Microsoft Visual Studio\2017\Community\VC\Tools\MSVC\14.12.25827\include\type_traits" line="768" col="2" msg="expected class name" />
 <error level="error" id="err_ref_non_value" file="C:\Program Files (x86)\Microsoft Visual Studio\2017\Community\VC\Tools\MSVC\14.12.25827\include\type_traits" line="898" col="47" msg="&apos;_Ty&apos; does not refer to a value" />
 <error level="error" id="err_expected_class_name" file="C:\Program Files (x86)\Microsoft Visual Studio\2017\Community\VC\Tools\MSVC\14.12.25827\include\type_traits" line="899" col="2" msg="expected class name" />
 <error level="error" id="err_expr_not_cce" file="C:\Program Files (x86)\Microsoft Visual Studio\2017\Community\VC\Tools\MSVC\14.12.25827\include\xutility" line="298" col="9" msg="non-type template argument is not a constant expression" />
 <error level="error" id="err_expr_not_cce" file="C:\Program Files (x86)\Microsoft Visual Studio\2017\Community\VC\Tools\MSVC\14.12.25827\include\xutility" line="629" col="9" msg="non-type template argument is not a constant expression" />
 <error level="error" id="err_expr_not_cce" file="C:\Program Files (x86)\Microsoft Visual Studio\2017\Community\VC\Tools\MSVC\14.12.25827\include\xutility" line="629" col="9" msg="non-type template argument is not a constant expression" />
 <error level="error" id="err_expr_not_cce" file="C:\Program Files (x86)\Microsoft Visual Studio\2017\Community\VC\Tools\MSVC\14.12.25827\include\xutility" line="629" col="9" msg="non-type template argument is not a constant expression" />
 <error level="error" id="err_expr_not_cce" file="C:\Program Files (x86)\Microsoft Visual Studio\2017\Community\VC\Tools\MSVC\14.12.25827\include\xutility" line="629" col="9" msg="non-type template argument is not a constant expression" />
 <error level="error" id="err_ovl_no_viable_function_in_call" file="C:\Program Files (x86)\Microsoft Visual Studio\2017\Community\VC\Tools\MSVC\14.12.25827\include\xlocale" line="1707" col="3" msg="no matching function for call to &apos;_Debug_range&apos;" />
 <error level="error" id="err_ovl_no_viable_function_in_call" file="C:\Program Files (x86)\Microsoft Visual Studio\2017\Community\VC\Tools\MSVC\14.12.25827\include\xlocale" line="1732" col="3" msg="no matching function for call to &apos;_Debug_range&apos;" />
 <error level="error" id="err_ovl_no_viable_function_in_call" file="C:\Program Files (x86)\Microsoft Visual Studio\2017\Community\VC\Tools\MSVC\14.12.25827\include\xlocale" line="1868" col="3" msg="no matching function for call to &apos;_Debug_range&apos;" />
 <error level="error" id="err_expr_not_cce" file="C:\Program Files (x86)\Microsoft Visual Studio\2017\Community\VC\Tools\MSVC\14.12.25827\include\xutility" line="629" col="9" msg="non-type template argument is not a constant expression" />
 <error level="error" id="err_expr_not_cce" file="C:\Program Files (x86)\Microsoft Visual Studio\2017\Community\VC\Tools\MSVC\14.12.25827\include\xutility" line="629" col="9" msg="non-type template argument is not a constant expression" />
 <error level="error" id="err_ovl_no_viable_function_in_call" file="C:\Program Files (x86)\Microsoft Visual Studio\2017\Community\VC\Tools\MSVC\14.12.25827\include\xlocale" line="1906" col="3" msg="no matching function for call to &apos;_Debug_range&apos;" />
 <error level="error" id="err_ovl_no_viable_function_in_call" file="C:\Program Files (x86)\Microsoft Visual Studio\2017\Community\VC\Tools\MSVC\14.12.25827\include\xlocale" line="1956" col="3" msg="no matching function for call to &apos;_Debug_range&apos;" />
 <error level="error" id="err_ovl_no_viable_function_in_call" file="C:\Program Files (x86)\Microsoft Visual Studio\2017\Community\VC\Tools\MSVC\14.12.25827\include\xlocale" line="1981" col="3" msg="no matching function for call to &apos;_Debug_range&apos;" />
 <error level="error" id="err_ovl_no_viable_function_in_call" file="C:\Program Files (x86)\Microsoft Visual Studio\2017\Community\VC\Tools\MSVC\14.12.25827\include\xlocale" line="2349" col="3" msg="no matching function for call to &apos;_Debug_range&apos;" />
 <error level="error" id="err_ovl_no_viable_function_in_call" file="C:\Program Files (x86)\Microsoft Visual Studio\2017\Community\VC\Tools\MSVC\14.12.25827\include\xlocale" line="2358" col="3" msg="no matching function for call to &apos;_Debug_range&apos;" />
 <error level="error" id="err_ovl_no_viable_function_in_call" file="C:\Program Files (x86)\Microsoft Visual Studio\2017\Community\VC\Tools\MSVC\14.12.25827\include\xlocale" line="2367" col="3" msg="no matching function for call to &apos;_Debug_range&apos;" />
 <error level="error" id="err_ovl_no_viable_function_in_call" file="C:\Program Files (x86)\Microsoft Visual Studio\2017\Community\VC\Tools\MSVC\14.12.25827\include\xlocale" line="2497" col="3" msg="no matching function for call to &apos;_Debug_range&apos;" />
 <error level="error" id="err_ovl_no_viable_function_in_call" file="C:\Program Files (x86)\Microsoft Visual Studio\2017\Community\VC\Tools\MSVC\14.12.25827\include\xlocale" line="2511" col="3" msg="no matching function for call to &apos;_Debug_range&apos;" />
 <error level="error" id="err_ovl_no_viable_function_in_call" file="C:\Program Files (x86)\Microsoft Visual Studio\2017\Community\VC\Tools\MSVC\14.12.25827\include\xlocale" line="2525" col="3" msg="no matching function for call to &apos;_Debug_range&apos;" />
 <error level="error" id="err_ovl_no_viable_function_in_call" file="C:\Program Files (x86)\Microsoft Visual Studio\2017\Community\VC\Tools\MSVC\14.12.25827\include\xlocale" line="2538" col="3" msg="no matching function for call to &apos;_Debug_range&apos;" />
 <error level="error" id="err_ovl_no_viable_function_in_call" file="C:\Program Files (x86)\Microsoft Visual Studio\2017\Community\VC\Tools\MSVC\14.12.25827\include\xlocale" line="2671" col="3" msg="no matching function for call to &apos;_Debug_range&apos;" />
 <error level="error" id="err_ovl_no_viable_function_in_call" file="C:\Program Files (x86)\Microsoft Visual Studio\2017\Community\VC\Tools\MSVC\14.12.25827\include\xlocale" line="2678" col="3" msg="no matching function for call to &apos;_Debug_range&apos;" />
 <error level="error" id="err_ovl_no_viable_function_in_call" file="C:\Program Files (x86)\Microsoft Visual Studio\2017\Community\VC\Tools\MSVC\14.12.25827\include\xlocale" line="2687" col="3" msg="no matching function for call to &apos;_Debug_range&apos;" />
 <error level="error" id="err_ovl_no_viable_function_in_call" file="C:\Program Files (x86)\Microsoft Visual Studio\2017\Community\VC\Tools\MSVC\14.12.25827\include\xlocale" line="2701" col="3" msg="no matching function for call to &apos;_Debug_range&apos;" />
 <error level="error" id="err_ovl_no_viable_function_in_call" file="C:\Program Files (x86)\Microsoft Visual Studio\2017\Community\VC\Tools\MSVC\14.12.25827\include\xlocale" line="2715" col="3" msg="no matching function for call to &apos;_Debug_range&apos;" />
 <error level="error" id="err_ovl_no_viable_function_in_call" file="C:\Program Files (x86)\Microsoft Visual Studio\2017\Community\VC\Tools\MSVC\14.12.25827\include\xlocale" line="2737" col="3" msg="no matching function for call to &apos;_Debug_range&apos;" />
 <error level="error" id="err_ovl_no_viable_function_in_call" file="C:\Program Files (x86)\Microsoft Visual Studio\2017\Community\VC\Tools\MSVC\14.12.25827\include\xlocale" line="2759" col="3" msg="no matching function for call to &apos;_Debug_range&apos;" />
 <error level="error" id="err_ovl_no_viable_function_in_call" file="C:\Program Files (x86)\Microsoft Visual Studio\2017\Community\VC\Tools\MSVC\14.12.25827\include\xlocale" line="2895" col="3" msg="no matching function for call to &apos;_Debug_range&apos;" />
 <error level="error" id="err_ovl_no_viable_function_in_call" file="C:\Program Files (x86)\Microsoft Visual Studio\2017\Community\VC\Tools\MSVC\14.12.25827\include\xlocale" line="2903" col="3" msg="no matching function for call to &apos;_Debug_range&apos;" />
 <error level="error" id="err_ovl_no_viable_function_in_call" file="C:\Program Files (x86)\Microsoft Visual Studio\2017\Community\VC\Tools\MSVC\14.12.25827\include\xlocale" line="2912" col="3" msg="no matching function for call to &apos;_Debug_range&apos;" />
 <error level="error" id="err_ovl_no_viable_function_in_call" file="C:\Program Files (x86)\Microsoft Visual Studio\2017\Community\VC\Tools\MSVC\14.12.25827\include\xlocale" line="2926" col="3" msg="no matching function for call to &apos;_Debug_range&apos;" />
 <error level="error" id="err_ovl_no_viable_function_in_call" file="C:\Program Files (x86)\Microsoft Visual Studio\2017\Community\VC\Tools\MSVC\14.12.25827\include\xlocale" line="2940" col="3" msg="no matching function for call to &apos;_Debug_range&apos;" />
 <error level="error" id="err_ovl_no_viable_function_in_call" file="C:\Program Files (x86)\Microsoft Visual Studio\2017\Community\VC\Tools\MSVC\14.12.25827\include\xlocale" line="2962" col="3" msg="no matching function for call to &apos;_Debug_range&apos;" />
 <error level="error" id="err_ovl_no_viable_function_in_call" file="C:\Program Files (x86)\Microsoft Visual Studio\2017\Community\VC\Tools\MSVC\14.12.25827\include\xlocale" line="2984" col="3" msg="no matching function for call to &apos;_Debug_range&apos;" />
 <error level="error" id="err_pp_file_not_found" file="C:\Users\Juan Dent\Documents\Visual Studio 2015\Projects\TemplateMetaprogramming\TemplateMetaprogramming/stdafx.h" line="15" col="10" msg="&apos;boost/type_traits.hpp&apos; file not found" />
 <error level="error" id="err_pp_file_not_found" file="C:\Users\Juan Dent\Documents\Visual Studio 2015\Projects\TemplateMetaprogramming\TemplateMetaprogramming/stdafx.h" line="16" col="10" msg="&apos;Typelist.h&apos; file not found" />
 <error level="error" id="err_pp_file_not_found" file="C:\Users\Juan Dent\Documents\Visual Studio 2015\Projects\TemplateMetaprogramming\TemplateMetaprogramming/stdafx.h" line="17" col="10" msg="&apos;boost/mpl/vector_c.hpp&apos; file not found" />
 <error level="error" id="err_pp_file_not_found" file="C:\Users\Juan Dent\Documents\Visual Studio 2015\Projects\TemplateMetaprogramming\TemplateMetaprogramming/stdafx.h" line="18" col="10" msg="&apos;boost/mpl/transform.hpp&apos; file not found" />
 <error level="error" id="err_pp_file_not_found" file="C:\Users\Juan Dent\Documents\Visual Studio 2015\Projects\TemplateMetaprogramming\TemplateMetaprogramming/stdafx.h" line="19" col="10" msg="&apos;boost/mpl/placeholders.hpp&apos; file not found" />
 <error level="error" id="err_pp_file_not_found" file="C:\Users\Juan Dent\Documents\Visual Studio 2015\Projects\TemplateMetaprogramming\TemplateMetaprogramming\AssociativeSequences.cpp" line="7" col="10" msg="&apos;boost/type_traits.hpp&apos; file not found" />
 <error level="error" id="err_pp_file_not_found" file="C:\Users\Juan Dent\Documents\Visual Studio 2015\Projects\TemplateMetaprogramming\TemplateMetaprogramming\AssociativeSequences.cpp" line="9" col="10" msg="&apos;boost/mpl/vector_c.hpp&apos; file not found" />
 <error level="error" id="err_pp_file_not_found" file="C:\Users\Juan Dent\Documents\Visual Studio 2015\Projects\TemplateMetaprogramming\TemplateMetaprogramming\AssociativeSequences.cpp" line="10" col="10" msg="&apos;boost/mpl/transform.hpp&apos; file not found" />
 <error level="error" id="err_pp_file_not_found" file="C:\Users\Juan Dent\Documents\Visual Studio 2015\Projects\TemplateMetaprogramming\TemplateMetaprogramming\AssociativeSequences.cpp" line="11" col="10" msg="&apos;boost/mpl/placeholders.hpp&apos; file not found" />
 <error level="error" id="err_pp_file_not_found" file="C:\Users\Juan Dent\Documents\Visual Studio 2015\Projects\TemplateMetaprogramming\TemplateMetaprogramming\AssociativeSequences.cpp" line="12" col="10" msg="&apos;boost/mpl/plus.hpp&apos; file not found" />
 <error level="error" id="err_pp_file_not_found" file="C:\Users\Juan Dent\Documents\Visual Studio 2015\Projects\TemplateMetaprogramming\TemplateMetaprogramming\AssociativeSequences.cpp" line="13" col="10" msg="&apos;boost/mpl/minus.hpp&apos; file not found" />
 <error level="error" id="err_pp_file_not_found" file="C:\Users\Juan Dent\Documents\Visual Studio 2015\Projects\TemplateMetaprogramming\TemplateMetaprogramming\AssociativeSequences.cpp" line="14" col="10" msg="&apos;boost/mpl/int.hpp&apos; file not found" />
 <error level="error" id="err_pp_file_not_found" file="C:\Users\Juan Dent\Documents\Visual Studio 2015\Projects\TemplateMetaprogramming\TemplateMetaprogramming\AssociativeSequences.cpp" line="15" col="10" msg="&apos;boost/mpl/equal.hpp&apos; file not found" />
 <error level="error" id="err_pp_file_not_found" file="C:\Users\Juan Dent\Documents\Visual Studio 2015\Projects\TemplateMetaprogramming\TemplateMetaprogramming\AssociativeSequences.cpp" line="16" col="10" msg="&apos;boost/mpl/times.hpp&apos; file not found" />
 <error level="error" id="err_pp_file_not_found" file="C:\Users\Juan Dent\Documents\Visual Studio 2015\Projects\TemplateMetaprogramming\TemplateMetaprogramming\AssociativeSequences.cpp" line="17" col="10" msg="&apos;boost/mpl/reverse.hpp&apos; file not found" />
 <error level="error" id="err_pp_file_not_found" file="C:\Users\Juan Dent\Documents\Visual Studio 2015\Projects\TemplateMetaprogramming\TemplateMetaprogramming\AssociativeSequences.cpp" line="18" col="10" msg="&apos;boost/mpl/at.hpp&apos; file not found" />
 <error level="error" id="err_pp_file_not_found" file="C:\Users\Juan Dent\Documents\Visual Studio 2015\Projects\TemplateMetaprogramming\TemplateMetaprogramming\AssociativeSequences.cpp" line="19" col="10" msg="&apos;boost/lambda/lambda.hpp&apos; file not found" />
 <error level="error" id="err_pp_file_not_found" file="C:\Users\Juan Dent\Documents\Visual Studio 2015\Projects\TemplateMetaprogramming\TemplateMetaprogramming\AssociativeSequences.cpp" line="20" col="10" msg="&apos;boost/mpl/divides.hpp&apos; file not found" />
 <error level="error" id="err_pp_file_not_found" file="C:\Users\Juan Dent\Documents\Visual Studio 2015\Projects\TemplateMetaprogramming\TemplateMetaprogramming\AssociativeSequences.cpp" line="21" col="10" msg="&apos;boost/mpl/arithmetic.hpp&apos; file not found" />
 <error level="error" id="err_pp_file_not_found" file="C:\Users\Juan Dent\Documents\Visual Studio 2015\Projects\TemplateMetaprogramming\TemplateMetaprogramming\AssociativeSequences.cpp" line="22" col="10" msg="&apos;boost/mpl/range_c.hpp&apos; file not found" />
 <error level="error" id="err_pp_file_not_found" file="C:\Users\Juan Dent\Documents\Visual Studio 2015\Projects\TemplateMetaprogramming\TemplateMetaprogramming\AssociativeSequences.cpp" line="24" col="10" msg="&apos;boost\mpl\vector.hpp&apos; file not found" />
 <error level="error" id="err_pp_file_not_found" file="C:\Users\Juan Dent\Documents\Visual Studio 2015\Projects\TemplateMetaprogramming\TemplateMetaprogramming\AssociativeSequences.cpp" line="25" col="10" msg="&apos;boost\mpl/size.hpp&apos; file not found" />
 <error level="error" id="err_pp_file_not_found" file="C:\Users\Juan Dent\Documents\Visual Studio 2015\Projects\TemplateMetaprogramming\TemplateMetaprogramming\AssociativeSequences.cpp" line="26" col="10" msg="&apos;boost\mpl\order.hpp&apos; file not found" />
 <error level="error" id="err_pp_file_not_found" file="C:\Users\Juan Dent\Documents\Visual Studio 2015\Projects\TemplateMetaprogramming\TemplateMetaprogramming\AssociativeSequences.cpp" line="27" col="10" msg="&apos;boost\mpl\map.hpp&apos; file not found" />
 <error level="error" id="err_pp_file_not_found" file="C:\Users\Juan Dent\Documents\Visual Studio 2015\Projects\TemplateMetaprogramming\TemplateMetaprogramming\AssociativeSequences.cpp" line="28" col="10" msg="&apos;boost\mpl\pair.hpp&apos; file not found" />
 <error level="error" id="err_pp_file_not_found" file="C:\Users\Juan Dent\Documents\Visual Studio 2015\Projects\TemplateMetaprogramming\TemplateMetaprogramming\AssociativeSequences.cpp" line="29" col="10" msg="&apos;boost\mpl\key_type.hpp&apos; file not found" />
 <error level="error" id="err_pp_file_not_found" file="C:\Users\Juan Dent\Documents\Visual Studio 2015\Projects\TemplateMetaprogramming\TemplateMetaprogramming\AssociativeSequences.cpp" line="30" col="10" msg="&apos;boost\mpl\value_type.hpp&apos; file not found" />
 <error level="error" id="err_pp_file_not_found" file="C:\Users\Juan Dent\Documents\Visual Studio 2015\Projects\TemplateMetaprogramming\TemplateMetaprogramming\AssociativeSequences.cpp" line="31" col="10" msg="&apos;boost\mpl\set.hpp&apos; file not found" />
 <error level="error" id="err_pp_file_not_found" file="C:\Users\Juan Dent\Documents\Visual Studio 2015\Projects\TemplateMetaprogramming\TemplateMetaprogramming\AssociativeSequences.cpp" line="32" col="10" msg="&apos;boost\mpl\pop_back.hpp&apos; file not found" />
 <error level="error" id="err_pp_file_not_found" file="C:\Users\Juan Dent\Documents\Visual Studio 2015\Projects\TemplateMetaprogramming\TemplateMetaprogramming\AssociativeSequences.cpp" line="33" col="10" msg="&apos;boost\mpl\pop_front.hpp&apos; file not found" />
 <error level="error" id="err_pp_file_not_found" file="C:\Users\Juan Dent\Documents\Visual Studio 2015\Projects\TemplateMetaprogramming\TemplateMetaprogramming\AssociativeSequences.cpp" line="34" col="10" msg="&apos;boost\mpl\erase.hpp&apos; file not found" />
 <error level="error" id="err_template_instantiate_undefined" file="C:\Users\Juan Dent\Documents\Visual Studio 2015\Projects\TemplateMetaprogramming\TemplateMetaprogramming/Debug.h" line="16" col="22" msg="implicit instantiation of undefined template &apos;std::basic_ostringstream&lt;char, std::char_traits&lt;char&gt;, std::allocator&lt;char&gt; &gt;&apos;" />
 <error level="error" id="err_typecheck_invalid_operands" file="C:\Users\Juan Dent\Documents\Visual Studio 2015\Projects\TemplateMetaprogramming\TemplateMetaprogramming/Debug.h" line="34" col="13" msg="invalid operands to binary expression (&apos;ostream&apos; (aka &apos;basic_ostream&lt;char, char_traits&lt;char&gt; &gt;&apos;) and &apos;const std::string&apos; (aka &apos;const basic_string&lt;char, char_traits&lt;char&gt;, allocator&lt;char&gt; &gt;&apos;))" />
 <error level="error" id="err_undeclared_var_use" file="C:\Users\Juan Dent\Documents\Visual Studio 2015\Projects\TemplateMetaprogramming\TemplateMetaprogramming\AssociativeSequences.cpp" line="39" col="17" msg="use of undeclared identifier &apos;boost&apos;" />
 <error level="error" id="err_expected_namespace_name" file="C:\Users\Juan Dent\Documents\Visual Studio 2015\Projects\TemplateMetaprogramming\TemplateMetaprogramming\AssociativeSequences.cpp" line="39" col="24" msg="expected namespace name" />
 <error level="error" id="err_undeclared_var_use" file="C:\Users\Juan Dent\Documents\Visual Studio 2015\Projects\TemplateMetaprogramming\TemplateMetaprogramming\AssociativeSequences.cpp" line="40" col="17" msg="use of undeclared identifier &apos;mpl&apos;" />
 <error level="error" id="err_expected_namespace_name" file="C:\Users\Juan Dent\Documents\Visual Studio 2015\Projects\TemplateMetaprogramming\TemplateMetaprogramming\AssociativeSequences.cpp" line="40" col="22" msg="expected namespace name" />
 <error level="error" id="err_undeclared_var_use" file="C:\Users\Juan Dent\Documents\Visual Studio 2015\Projects\TemplateMetaprogramming\TemplateMetaprogramming\AssociativeSequences.cpp" line="47" col="12" msg="use of undeclared identifier &apos;mpl&apos;" />
 <error level="error" id="err_expected_unqualified_id" file="C:\Users\Juan Dent\Documents\Visual Studio 2015\Projects\TemplateMetaprogramming\TemplateMetaprogramming\AssociativeSequences.cpp" line="47" col="20" msg="expected unqualified-id" />
 <error level="error" id="err_undeclared_var_use" file="C:\Users\Juan Dent\Documents\Visual Studio 2015\Projects\TemplateMetaprogramming\TemplateMetaprogramming\AssociativeSequences.cpp" line="48" col="13" msg="use of undeclared identifier &apos;mpl&apos;" />
 <error level="error" id="err_undeclared_var_use" file="C:\Users\Juan Dent\Documents\Visual Studio 2015\Projects\TemplateMetaprogramming\TemplateMetaprogramming\AssociativeSequences.cpp" line="48" col="24" msg="use of undeclared identifier &apos;m&apos;" />
 <error level="error" id="err_expected_unqualified_id" file="C:\Users\Juan Dent\Documents\Visual Studio 2015\Projects\TemplateMetaprogramming\TemplateMetaprogramming\AssociativeSequences.cpp" line="48" col="27" msg="expected unqualified-id" />
 <error level="error" id="err_expected_semi_declaration" file="C:\Users\Juan Dent\Documents\Visual Studio 2015\Projects\TemplateMetaprogramming\TemplateMetaprogramming\AssociativeSequences.cpp" line="48" col="26" msg="expected &apos;;&apos; at end of declaration" />
 <error level="error" id="err_expected_unqualified_id" file="C:\Users\Juan Dent\Documents\Visual Studio 2015\Projects\TemplateMetaprogramming\TemplateMetaprogramming\AssociativeSequences.cpp" line="48" col="30" msg="expected unqualified-id" />
 <error level="error" id="err_undeclared_var_use" file="C:\Users\Juan Dent\Documents\Visual Studio 2015\Projects\TemplateMetaprogramming\TemplateMetaprogramming\AssociativeSequences.cpp" line="49" col="13" msg="use of undeclared identifier &apos;mpl&apos;" />
 <error level="error" id="err_undeclared_var_use" file="C:\Users\Juan Dent\Documents\Visual Studio 2015\Projects\TemplateMetaprogramming\TemplateMetaprogramming\AssociativeSequences.cpp" line="49" col="24" msg="use of undeclared identifier &apos;m&apos;" />
 <error level="error" id="err_expected_unqualified_id" file="C:\Users\Juan Dent\Documents\Visual Studio 2015\Projects\TemplateMetaprogramming\TemplateMetaprogramming\AssociativeSequences.cpp" line="49" col="27" msg="expected unqualified-id" />
 <error level="error" id="err_expected_semi_declaration" file="C:\Users\Juan Dent\Documents\Visual Studio 2015\Projects\TemplateMetaprogramming\TemplateMetaprogramming\AssociativeSequences.cpp" line="49" col="26" msg="expected &apos;;&apos; at end of declaration" />
 <error level="error" id="err_expected_unqualified_id" file="C:\Users\Juan Dent\Documents\Visual Studio 2015\Projects\TemplateMetaprogramming\TemplateMetaprogramming\AssociativeSequences.cpp" line="49" col="31" msg="expected unqualified-id" />
 <error level="error" id="err_undeclared_var_use" file="C:\Users\Juan Dent\Documents\Visual Studio 2015\Projects\TemplateMetaprogramming\TemplateMetaprogramming\AssociativeSequences.cpp" line="50" col="12" msg="use of undeclared identifier &apos;mpl&apos;" />
 <error level="error" id="err_expected_unqualified_id" file="C:\Users\Juan Dent\Documents\Visual Studio 2015\Projects\TemplateMetaprogramming\TemplateMetaprogramming\AssociativeSequences.cpp" line="50" col="19" msg="expected unqualified-id" />
 <error level="error" id="err_undeclared_var_use" file="C:\Users\Juan Dent\Documents\Visual Studio 2015\Projects\TemplateMetaprogramming\TemplateMetaprogramming\AssociativeSequences.cpp" line="52" col="12" msg="use of undeclared identifier &apos;mpl&apos;" />
 <error level="error" id="err_expected_unqualified_id" file="C:\Users\Juan Dent\Documents\Visual Studio 2015\Projects\TemplateMetaprogramming\TemplateMetaprogramming\AssociativeSequences.cpp" line="52" col="25" msg="expected unqualified-id" />
 <error level="error" id="err_undeclared_var_use" file="C:\Users\Juan Dent\Documents\Visual Studio 2015\Projects\TemplateMetaprogramming\TemplateMetaprogramming\AssociativeSequences.cpp" line="55" col="12" msg="use of undeclared identifier &apos;mpl&apos;" />
 <error level="error" id="err_expected_unqualified_id" file="C:\Users\Juan Dent\Documents\Visual Studio 2015\Projects\TemplateMetaprogramming\TemplateMetaprogramming\AssociativeSequences.cpp" line="55" col="22" msg="expected unqualified-id" />
 <error level="error" id="err_undeclared_var_use" file="C:\Users\Juan Dent\Documents\Visual Studio 2015\Projects\TemplateMetaprogramming\TemplateMetaprogramming\AssociativeSequences.cpp" line="58" col="12" msg="use of undeclared identifier &apos;mpl&apos;" />
 <error level="error" id="err_expected_unqualified_id" file="C:\Users\Juan Dent\Documents\Visual Studio 2015\Projects\TemplateMetaprogramming\TemplateMetaprogramming\AssociativeSequences.cpp" line="58" col="25" msg="expected unqualified-id" />
 <error level="error" id="err_undeclared_var_use" file="C:\Users\Juan Dent\Documents\Visual Studio 2015\Projects\TemplateMetaprogramming\TemplateMetaprogramming\AssociativeSequences.cpp" line="61" col="12" msg="use of undeclared identifier &apos;mpl&apos;" />
 <error level="error" id="err_expected_unqualified_id" file="C:\Users\Juan Dent\Documents\Visual Studio 2015\Projects\TemplateMetaprogramming\TemplateMetaprogramming\AssociativeSequences.cpp" line="61" col="27" msg="expected unqualified-id" />
 <error level="error" id="err_undeclared_var_use" file="C:\Users\Juan Dent\Documents\Visual Studio 2015\Projects\TemplateMetaprogramming\TemplateMetaprogramming\AssociativeSequences.cpp" line="64" col="12" msg="use of undeclared identifier &apos;mpl&apos;" />
 <error level="error" id="err_expected_unqualified_id" file="C:\Users\Juan Dent\Documents\Visual Studio 2015\Projects\TemplateMetaprogramming\TemplateMetaprogramming\AssociativeSequences.cpp" line="64" col="27" msg="expected unqualified-id" />
 <error level="error" id="err_no_member" file="C:\Program Files (x86)\Microsoft Visual Studio\2017\Community\VC\Tools\MSVC\14.12.25827\include\xstring" line="3025" col="17" msg="no member named &apos;_Get_data&apos; in &apos;std::basic_string&lt;char, std::char_traits&lt;char&gt;, std::allocator&lt;char&gt; &gt;&apos;" />
 <error level="error" id="err_not_direct_base_or_virtual" file="C:\Program Files (x86)\Microsoft Visual Studio\2017\Community\VC\Tools\MSVC\14.12.25827\include\xstring" line="1961" col="5" msg="type &apos;_Mybase&apos; (aka &apos;_String_alloc&lt;_String_base_types&lt;char, std::allocator&lt;char&gt; &gt; &gt;&apos;) is not a direct or virtual base of &apos;std::basic_string&lt;char, std::char_traits&lt;char&gt;, std::allocator&lt;char&gt; &gt;&apos;" />
 <error level="error" id="err_no_member" file="C:\Program Files (x86)\Microsoft Visual Studio\2017\Community\VC\Tools\MSVC\14.12.25827\include\xstring" line="3682" col="26" msg="no member named &apos;_Get_data&apos; in &apos;std::basic_string&lt;char, std::char_traits&lt;char&gt;, std::allocator&lt;char&gt; &gt;&apos;" />
 <error level="error" id="err_no_member" file="C:\Program Files (x86)\Microsoft Visual Studio\2017\Community\VC\Tools\MSVC\14.12.25827\include\xstring" line="2419" col="26" msg="no member named &apos;_Get_data&apos; in &apos;std::basic_string&lt;char, std::char_traits&lt;char&gt;, std::allocator&lt;char&gt; &gt;&apos;" />
 <error level="error" id="err_no_member" file="C:\Program Files (x86)\Microsoft Visual Studio\2017\Community\VC\Tools\MSVC\14.12.25827\include\xstring" line="3601" col="26" msg="no member named &apos;_Get_data&apos; in &apos;std::basic_string&lt;char, std::char_traits&lt;char&gt;, std::allocator&lt;char&gt; &gt;&apos;" />
 <error level="error" id="err_no_member" file="C:\Program Files (x86)\Microsoft Visual Studio\2017\Community\VC\Tools\MSVC\14.12.25827\include\xstring" line="3604" col="21" msg="no member named &apos;_Getal&apos; in &apos;std::basic_string&lt;char, std::char_traits&lt;char&gt;, std::allocator&lt;char&gt; &gt;&apos;" />
 <error level="error" id="err_no_member" file="C:\Program Files (x86)\Microsoft Visual Studio\2017\Community\VC\Tools\MSVC\14.12.25827\include\xstring" line="3610" col="13" msg="no member named &apos;_BUF_SIZE&apos; in &apos;std::basic_string&lt;char, std::char_traits&lt;char&gt;, std::allocator&lt;char&gt; &gt;&apos;" />
 <error level="error" id="err_no_member" file="C:\Program Files (x86)\Microsoft Visual Studio\2017\Community\VC\Tools\MSVC\14.12.25827\include\xstring" line="3052" col="61" msg="no member named &apos;_Getal&apos; in &apos;std::basic_string&lt;char, std::char_traits&lt;char&gt;, std::allocator&lt;char&gt; &gt;&apos;" />
 <error level="error" id="err_no_member" file="C:\Program Files (x86)\Microsoft Visual Studio\2017\Community\VC\Tools\MSVC\14.12.25827\include\xstring" line="3575" col="26" msg="no member named &apos;_Get_data&apos; in &apos;std::basic_string&lt;char, std::char_traits&lt;char&gt;, std::allocator&lt;char&gt; &gt;&apos;" />
 <error level="error" id="err_no_member" file="C:\Program Files (x86)\Microsoft Visual Studio\2017\Community\VC\Tools\MSVC\14.12.25827\include\xstring" line="3576" col="48" msg="no member named &apos;_ALLOC_MASK&apos; in &apos;std::basic_string&lt;char, std::char_traits&lt;char&gt;, std::allocator&lt;char&gt; &gt;&apos;" />
 <error level="error" id="err_not_direct_base_or_virtual" file="C:\Program Files (x86)\Microsoft Visual Studio\2017\Community\VC\Tools\MSVC\14.12.25827\include\xstring" line="1920" col="5" msg="type &apos;_Mybase&apos; (aka &apos;_String_alloc&lt;_String_base_types&lt;char, std::allocator&lt;char&gt; &gt; &gt;&apos;) is not a direct or virtual base of &apos;std::basic_string&lt;char, std::char_traits&lt;char&gt;, std::allocator&lt;char&gt; &gt;&apos;" />
 <error level="error" id="err_no_member" file="C:\Program Files (x86)\Microsoft Visual Studio\2017\Community\VC\Tools\MSVC\14.12.25827\include\xstring" line="2038" col="30" msg="no member named &apos;_Getal&apos; in &apos;std::basic_string&lt;char, std::char_traits&lt;char&gt;, std::allocator&lt;char&gt; &gt;&apos;" />
 <error level="error" id="err_no_member" file="C:\Program Files (x86)\Microsoft Visual Studio\2017\Community\VC\Tools\MSVC\14.12.25827\include\xstring" line="2120" col="30" msg="no member named &apos;_Get_data&apos; in &apos;std::basic_string&lt;char, std::char_traits&lt;char&gt;, std::allocator&lt;char&gt; &gt;&apos;" />
 <error level="error" id="err_no_member" file="C:\Program Files (x86)\Microsoft Visual Studio\2017\Community\VC\Tools\MSVC\14.12.25827\include\xstring" line="2133" col="84" msg="no member named &apos;_Get_data&apos; in &apos;std::basic_string&lt;char, std::char_traits&lt;char&gt;, std::allocator&lt;char&gt; &gt;&apos;" />
 <error level="error" id="err_no_member" file="C:\Program Files (x86)\Microsoft Visual Studio\2017\Community\VC\Tools\MSVC\14.12.25827\include\xstring" line="3545" col="26" msg="no member named &apos;_Get_data&apos; in &apos;std::basic_string&lt;char, std::char_traits&lt;char&gt;, std::allocator&lt;char&gt; &gt;&apos;" />
 <error level="error" id="err_no_member" file="C:\Program Files (x86)\Microsoft Visual Studio\2017\Community\VC\Tools\MSVC\14.12.25827\include\xstring" line="3517" col="26" msg="no member named &apos;_Get_data&apos; in &apos;std::basic_string&lt;char, std::char_traits&lt;char&gt;, std::allocator&lt;char&gt; &gt;&apos;" />
 <error level="error" id="err_no_member" file="C:\Program Files (x86)\Microsoft Visual Studio\2017\Community\VC\Tools\MSVC\14.12.25827\include\xstring" line="3518" col="30" msg="no member named &apos;_Get_data&apos; in &apos;std::basic_string&lt;char, std::char_traits&lt;char&gt;, std::allocator&lt;char&gt; &gt;&apos;" />
 <error level="error" id="err_no_member" file="C:\Program Files (x86)\Microsoft Visual Studio\2017\Community\VC\Tools\MSVC\14.12.25827\include\xstring" line="3047" col="17" msg="no member named &apos;_Get_data&apos; in &apos;std::basic_string&lt;char, std::char_traits&lt;char&gt;, std::allocator&lt;char&gt; &gt;&apos;" />
 <error level="error" id="err_no_member" file="C:\Program Files (x86)\Microsoft Visual Studio\2017\Community\VC\Tools\MSVC\14.12.25827\include\xstring" line="2334" col="26" msg="no member named &apos;_Get_data&apos; in &apos;std::basic_string&lt;char, std::char_traits&lt;char&gt;, std::allocator&lt;char&gt; &gt;&apos;" />
 <error level="error" id="err_no_member" file="C:\Program Files (x86)\Microsoft Visual Studio\2017\Community\VC\Tools\MSVC\14.12.25827\include\xstring" line="3628" col="26" msg="no member named &apos;_Get_data&apos; in &apos;std::basic_string&lt;char, std::char_traits&lt;char&gt;, std::allocator&lt;char&gt; &gt;&apos;" />
 <error level="error" id="err_no_member" file="C:\Program Files (x86)\Microsoft Visual Studio\2017\Community\VC\Tools\MSVC\14.12.25827\include\xstring" line="3638" col="21" msg="no member named &apos;_Getal&apos; in &apos;std::basic_string&lt;char, std::char_traits&lt;char&gt;, std::allocator&lt;char&gt; &gt;&apos;" />
 <error level="error" id="err_no_member" file="C:\Program Files (x86)\Microsoft Visual Studio\2017\Community\VC\Tools\MSVC\14.12.25827\include\xstring" line="3644" col="13" msg="no member named &apos;_BUF_SIZE&apos; in &apos;std::basic_string&lt;char, std::char_traits&lt;char&gt;, std::allocator&lt;char&gt; &gt;&apos;" />
 <error level="error" id="err_no_member" file="C:\Program Files (x86)\Microsoft Visual Studio\2017\Community\VC\Tools\MSVC\14.12.25827\include\xstring" line="2305" col="30" msg="no member named &apos;_Get_data&apos; in &apos;std::basic_string&lt;char, std::char_traits&lt;char&gt;, std::allocator&lt;char&gt; &gt;&apos;" />
 <error level="error" id="err_no_member" file="C:\Program Files (x86)\Microsoft Visual Studio\2017\Community\VC\Tools\MSVC\14.12.25827\include\xstring" line="1908" col="72" msg="no member named &apos;_Getal&apos; in &apos;std::basic_string&lt;char, std::char_traits&lt;char&gt;, std::allocator&lt;char&gt; &gt;&apos;" />
 <error level="error" id="err_no_member" file="C:\Program Files (x86)\Microsoft Visual Studio\2017\Community\VC\Tools\MSVC\14.12.25827\include\xstring" line="2169" col="26" msg="no member named &apos;_Get_data&apos; in &apos;std::basic_string&lt;char, std::char_traits&lt;char&gt;, std::allocator&lt;char&gt; &gt;&apos;" />
 <error level="error" id="err_no_member" file="C:\Program Files (x86)\Microsoft Visual Studio\2017\Community\VC\Tools\MSVC\14.12.25827\include\xstring" line="2170" col="30" msg="no member named &apos;_Get_data&apos; in &apos;std::basic_string&lt;char, std::char_traits&lt;char&gt;, std::allocator&lt;char&gt; &gt;&apos;" />
 <error level="error" id="err_no_member" file="C:\Program Files (x86)\Microsoft Visual Studio\2017\Community\VC\Tools\MSVC\14.12.25827\include\xstring" line="2181" col="21" msg="no member named &apos;_Getal&apos; in &apos;std::basic_string&lt;char, std::char_traits&lt;char&gt;, std::allocator&lt;char&gt; &gt;&apos;" />
 <error level="error" id="err_not_direct_base_or_virtual" file="C:\Program Files (x86)\Microsoft Visual Studio\2017\Community\VC\Tools\MSVC\14.12.25827\include\xstring" line="1975" col="5" msg="type &apos;_Mybase&apos; (aka &apos;_String_alloc&lt;_String_base_types&lt;char, std::allocator&lt;char&gt; &gt; &gt;&apos;) is not a direct or virtual base of &apos;std::basic_string&lt;char, std::char_traits&lt;char&gt;, std::allocator&lt;char&gt; &gt;&apos;" />
 <error level="error" id="err_no_member" file="C:\Program Files (x86)\Microsoft Visual Studio\2017\Community\VC\Tools\MSVC\14.12.25827\include\xstring" line="2442" col="26" msg="no member named &apos;_Get_data&apos; in &apos;std::basic_string&lt;char, std::char_traits&lt;char&gt;, std::allocator&lt;char&gt; &gt;&apos;" />
 <error level="error" id="err_no_member" file="C:\Program Files (x86)\Microsoft Visual Studio\2017\Community\VC\Tools\MSVC\14.12.25827\include\xstring" line="3601" col="26" msg="no member named &apos;_Get_data&apos; in &apos;std::basic_string&lt;char, std::char_traits&lt;char&gt;, std::allocator&lt;char&gt; &gt;&apos;" />
 <error level="error" id="err_no_member" file="C:\Program Files (x86)\Microsoft Visual Studio\2017\Community\VC\Tools\MSVC\14.12.25827\include\xstring" line="3604" col="21" msg="no member named &apos;_Getal&apos; in &apos;std::basic_string&lt;char, std::char_traits&lt;char&gt;, std::allocator&lt;char&gt; &gt;&apos;" />
 <error level="error" id="err_no_member" file="C:\Program Files (x86)\Microsoft Visual Studio\2017\Community\VC\Tools\MSVC\14.12.25827\include\xstring" line="3610" col="13" msg="no member named &apos;_BUF_SIZE&apos; in &apos;std::basic_string&lt;char, std::char_traits&lt;char&gt;, std::allocator&lt;char&gt; &gt;&apos;" />
 <error level="error" id="err_no_member" file="C:\Program Files (x86)\Microsoft Visual Studio\2017\Community\VC\Tools\MSVC\14.12.25827\include\xstring" line="2953" col="26" msg="no member named &apos;_Get_data&apos; in &apos;std::basic_string&lt;char, std::char_traits&lt;char&gt;, std::allocator&lt;char&gt; &gt;&apos;" />
 <error level="error" id="err_no_member" file="C:\Program Files (x86)\Microsoft Visual Studio\2017\Community\VC\Tools\MSVC\14.12.25827\include\xstring" line="2912" col="26" msg="no member named &apos;_Get_data&apos; in &apos;std::basic_string&lt;char, std::char_traits&lt;char&gt;, std::allocator&lt;char&gt; &gt;&apos;" />
</log>